<?xml version="1.0" encoding="UTF-8"?>
<testng-results ignored="0" total="23" passed="23" failed="0" skipped="0">
  <reporter-output>
  </reporter-output>
  <suite started-at="2024-02-29T22:23:16 IST" name="Default suite" finished-at="2024-02-29T22:24:24 IST" duration-ms="67262">
    <groups>
      <group name="cucumber">
        <method signature="AbstractTestNGCucumberTests.runScenario(io.cucumber.testng.PickleWrapper,io.cucumber.testng.FeatureWrapper)[pri:0, instance:com.interestAroundYear.testRunner.testRunTestNG@7bd7d6d6]" name="runScenario" class="io.cucumber.testng.AbstractTestNGCucumberTests"/>
      </group> <!-- cucumber -->
    </groups>
    <test started-at="2024-02-29T22:23:16 IST" name="Default test" finished-at="2024-02-29T22:24:24 IST" duration-ms="67262">
      <class name="com.interestAroundYear.testRunner.testRunTestNG">
        <test-method is-config="true" signature="setUpClass(org.testng.ITestContext)[pri:0, instance:com.interestAroundYear.testRunner.testRunTestNG@7bd7d6d6]" started-at="2024-02-29T22:23:16 IST" name="setUpClass" finished-at="2024-02-29T22:23:27 IST" duration-ms="10369" status="PASS">
          <params>
            <param index="0">
              <value>
                <![CDATA[org.testng.TestRunner@f53db1a]]>
              </value>
            </param>
          </params>
          <reporter-output>
          </reporter-output>
        </test-method> <!-- setUpClass -->
        <test-method signature="runScenario(io.cucumber.testng.PickleWrapper,io.cucumber.testng.FeatureWrapper)[pri:0, instance:com.interestAroundYear.testRunner.testRunTestNG@7bd7d6d6]" started-at="2024-02-29T22:23:27 IST" name="runScenario" description="Runs Cucumber Scenarios" data-provider="scenarios" finished-at="2024-02-29T22:23:30 IST" duration-ms="3287" status="PASS">
          <params>
            <param index="0">
              <value>
                <![CDATA["user retrive monthy principel amount and interest  for Car Loan from emi calculator web application"]]>
              </value>
            </param>
            <param index="1">
              <value>
                <![CDATA["Interest around the year"]]>
              </value>
            </param>
          </params>
          <reporter-output>
          </reporter-output>
        </test-method> <!-- runScenario -->
        <test-method signature="runScenario(io.cucumber.testng.PickleWrapper,io.cucumber.testng.FeatureWrapper)[pri:0, instance:com.interestAroundYear.testRunner.testRunTestNG@7bd7d6d6]" started-at="2024-02-29T22:23:30 IST" name="runScenario" description="Runs Cucumber Scenarios" data-provider="scenarios" finished-at="2024-02-29T22:23:44 IST" duration-ms="14199" status="PASS">
          <params>
            <param index="0">
              <value>
                <![CDATA["User gives input and retrive year to year table from Home Loan calculater in emi web application"]]>
              </value>
            </param>
            <param index="1">
              <value>
                <![CDATA["Interest around the year"]]>
              </value>
            </param>
          </params>
          <reporter-output>
          </reporter-output>
        </test-method> <!-- runScenario -->
        <test-method signature="runScenario(io.cucumber.testng.PickleWrapper,io.cucumber.testng.FeatureWrapper)[pri:0, instance:com.interestAroundYear.testRunner.testRunTestNG@7bd7d6d6]" started-at="2024-02-29T22:23:44 IST" name="runScenario" description="Runs Cucumber Scenarios" data-provider="scenarios" finished-at="2024-02-29T22:23:49 IST" duration-ms="4538" status="PASS">
          <params>
            <param index="0">
              <value>
                <![CDATA["UI checks in Loan Emi Calculator in emi web application"]]>
              </value>
            </param>
            <param index="1">
              <value>
                <![CDATA["Interest around the year"]]>
              </value>
            </param>
          </params>
          <reporter-output>
          </reporter-output>
        </test-method> <!-- runScenario -->
        <test-method signature="runScenario(io.cucumber.testng.PickleWrapper,io.cucumber.testng.FeatureWrapper)[pri:0, instance:com.interestAroundYear.testRunner.testRunTestNG@7bd7d6d6]" started-at="2024-02-29T22:23:49 IST" name="runScenario" description="Runs Cucumber Scenarios" data-provider="scenarios" finished-at="2024-02-29T22:23:53 IST" duration-ms="4144" status="PASS">
          <params>
            <param index="0">
              <value>
                <![CDATA["UI checks in  Loan Amount Calculator in emi web application"]]>
              </value>
            </param>
            <param index="1">
              <value>
                <![CDATA["Interest around the year"]]>
              </value>
            </param>
          </params>
          <reporter-output>
          </reporter-output>
        </test-method> <!-- runScenario -->
        <test-method signature="runScenario(io.cucumber.testng.PickleWrapper,io.cucumber.testng.FeatureWrapper)[pri:0, instance:com.interestAroundYear.testRunner.testRunTestNG@7bd7d6d6]" started-at="2024-02-29T22:23:53 IST" name="runScenario" description="Runs Cucumber Scenarios" data-provider="scenarios" finished-at="2024-02-29T22:23:57 IST" duration-ms="3873" status="PASS">
          <params>
            <param index="0">
              <value>
                <![CDATA["UI checks in  Loan Tenure Calculator in emi web application"]]>
              </value>
            </param>
            <param index="1">
              <value>
                <![CDATA["Interest around the year"]]>
              </value>
            </param>
          </params>
          <reporter-output>
          </reporter-output>
        </test-method> <!-- runScenario -->
        <test-method signature="runScenario(io.cucumber.testng.PickleWrapper,io.cucumber.testng.FeatureWrapper)[pri:0, instance:com.interestAroundYear.testRunner.testRunTestNG@7bd7d6d6]" started-at="2024-02-29T22:23:57 IST" name="runScenario" description="Runs Cucumber Scenarios" data-provider="scenarios" finished-at="2024-02-29T22:23:58 IST" duration-ms="796" status="PASS">
          <params>
            <param index="0">
              <value>
                <![CDATA["verify navigation bar in emi calculator home page"]]>
              </value>
            </param>
            <param index="1">
              <value>
                <![CDATA["Interest Amount Around Year Regression"]]>
              </value>
            </param>
          </params>
          <reporter-output>
          </reporter-output>
        </test-method> <!-- runScenario -->
        <test-method signature="runScenario(io.cucumber.testng.PickleWrapper,io.cucumber.testng.FeatureWrapper)[pri:0, instance:com.interestAroundYear.testRunner.testRunTestNG@7bd7d6d6]" started-at="2024-02-29T22:23:58 IST" name="runScenario" description="Runs Cucumber Scenarios" data-provider="scenarios" finished-at="2024-02-29T22:24:00 IST" duration-ms="2001" status="PASS">
          <params>
            <param index="0">
              <value>
                <![CDATA["verify the links are working in emi calculator home page"]]>
              </value>
            </param>
            <param index="1">
              <value>
                <![CDATA["Interest Amount Around Year Regression"]]>
              </value>
            </param>
          </params>
          <reporter-output>
          </reporter-output>
        </test-method> <!-- runScenario -->
        <test-method signature="runScenario(io.cucumber.testng.PickleWrapper,io.cucumber.testng.FeatureWrapper)[pri:0, instance:com.interestAroundYear.testRunner.testRunTestNG@7bd7d6d6]" started-at="2024-02-29T22:24:00 IST" name="runScenario" description="Runs Cucumber Scenarios" data-provider="scenarios" finished-at="2024-02-29T22:24:00 IST" duration-ms="426" status="PASS">
          <params>
            <param index="0">
              <value>
                <![CDATA["verify share and print button available in car loan calculator emi web application"]]>
              </value>
            </param>
            <param index="1">
              <value>
                <![CDATA["Interest Amount Around Year Regression"]]>
              </value>
            </param>
          </params>
          <reporter-output>
          </reporter-output>
        </test-method> <!-- runScenario -->
        <test-method signature="runScenario(io.cucumber.testng.PickleWrapper,io.cucumber.testng.FeatureWrapper)[pri:0, instance:com.interestAroundYear.testRunner.testRunTestNG@7bd7d6d6]" started-at="2024-02-29T22:24:00 IST" name="runScenario" description="Runs Cucumber Scenarios" data-provider="scenarios" finished-at="2024-02-29T22:24:01 IST" duration-ms="1277" status="PASS">
          <params>
            <param index="0">
              <value>
                <![CDATA["verify all chart present in car loan calculator in emi web application"]]>
              </value>
            </param>
            <param index="1">
              <value>
                <![CDATA["Interest Amount Around Year Regression"]]>
              </value>
            </param>
          </params>
          <reporter-output>
          </reporter-output>
        </test-method> <!-- runScenario -->
        <test-method signature="runScenario(io.cucumber.testng.PickleWrapper,io.cucumber.testng.FeatureWrapper)[pri:0, instance:com.interestAroundYear.testRunner.testRunTestNG@7bd7d6d6]" started-at="2024-02-29T22:24:01 IST" name="runScenario" description="Runs Cucumber Scenarios" data-provider="scenarios" finished-at="2024-02-29T22:24:04 IST" duration-ms="2713" status="PASS">
          <params>
            <param index="0">
              <value>
                <![CDATA["verify all scale in Home Loan Calculator in emi web application"]]>
              </value>
            </param>
            <param index="1">
              <value>
                <![CDATA["Interest Amount Around Year Regression"]]>
              </value>
            </param>
          </params>
          <reporter-output>
          </reporter-output>
        </test-method> <!-- runScenario -->
        <test-method signature="runScenario(io.cucumber.testng.PickleWrapper,io.cucumber.testng.FeatureWrapper)[pri:0, instance:com.interestAroundYear.testRunner.testRunTestNG@7bd7d6d6]" started-at="2024-02-29T22:24:04 IST" name="runScenario" description="Runs Cucumber Scenarios" data-provider="scenarios" finished-at="2024-02-29T22:24:05 IST" duration-ms="778" status="PASS">
          <params>
            <param index="0">
              <value>
                <![CDATA["verify emi scheme in car loan calculator in emi web application"]]>
              </value>
            </param>
            <param index="1">
              <value>
                <![CDATA["Interest Amount Around Year Regression"]]>
              </value>
            </param>
          </params>
          <reporter-output>
          </reporter-output>
        </test-method> <!-- runScenario -->
        <test-method signature="runScenario(io.cucumber.testng.PickleWrapper,io.cucumber.testng.FeatureWrapper)[pri:0, instance:com.interestAroundYear.testRunner.testRunTestNG@7bd7d6d6]" started-at="2024-02-29T22:24:05 IST" name="runScenario" description="Runs Cucumber Scenarios" data-provider="scenarios" finished-at="2024-02-29T22:24:06 IST" duration-ms="1131" status="PASS">
          <params>
            <param index="0">
              <value>
                <![CDATA["verify Emiproduct tabe in emi calculator"]]>
              </value>
            </param>
            <param index="1">
              <value>
                <![CDATA["Loan Interest Smoke"]]>
              </value>
            </param>
          </params>
          <reporter-output>
          </reporter-output>
        </test-method> <!-- runScenario -->
        <test-method signature="runScenario(io.cucumber.testng.PickleWrapper,io.cucumber.testng.FeatureWrapper)[pri:0, instance:com.interestAroundYear.testRunner.testRunTestNG@7bd7d6d6]" started-at="2024-02-29T22:24:06 IST" name="runScenario" description="Runs Cucumber Scenarios" data-provider="scenarios" finished-at="2024-02-29T22:24:07 IST" duration-ms="1215" status="PASS">
          <params>
            <param index="0">
              <value>
                <![CDATA["verify all type of loan calculator in emi calculator"]]>
              </value>
            </param>
            <param index="1">
              <value>
                <![CDATA["Loan Interest Smoke"]]>
              </value>
            </param>
          </params>
          <reporter-output>
          </reporter-output>
        </test-method> <!-- runScenario -->
        <test-method signature="runScenario(io.cucumber.testng.PickleWrapper,io.cucumber.testng.FeatureWrapper)[pri:0, instance:com.interestAroundYear.testRunner.testRunTestNG@7bd7d6d6]" started-at="2024-02-29T22:24:07 IST" name="runScenario" description="Runs Cucumber Scenarios" data-provider="scenarios" finished-at="2024-02-29T22:24:08 IST" duration-ms="842" status="PASS">
          <params>
            <param index="0">
              <value>
                <![CDATA["verify text boxs in car loan calculator in emi calculator"]]>
              </value>
            </param>
            <param index="1">
              <value>
                <![CDATA["Loan Interest Smoke"]]>
              </value>
            </param>
          </params>
          <reporter-output>
          </reporter-output>
        </test-method> <!-- runScenario -->
        <test-method signature="runScenario(io.cucumber.testng.PickleWrapper,io.cucumber.testng.FeatureWrapper)[pri:0, instance:com.interestAroundYear.testRunner.testRunTestNG@7bd7d6d6]" started-at="2024-02-29T22:24:08 IST" name="runScenario" description="Runs Cucumber Scenarios" data-provider="scenarios" finished-at="2024-02-29T22:24:09 IST" duration-ms="1272" status="PASS">
          <params>
            <param index="0">
              <value>
                <![CDATA["verify slider present in car loan calculator in emi web application"]]>
              </value>
            </param>
            <param index="1">
              <value>
                <![CDATA["Loan Interest Smoke"]]>
              </value>
            </param>
          </params>
          <reporter-output>
          </reporter-output>
        </test-method> <!-- runScenario -->
        <test-method signature="runScenario(io.cucumber.testng.PickleWrapper,io.cucumber.testng.FeatureWrapper)[pri:0, instance:com.interestAroundYear.testRunner.testRunTestNG@7bd7d6d6]" started-at="2024-02-29T22:24:09 IST" name="runScenario" description="Runs Cucumber Scenarios" data-provider="scenarios" finished-at="2024-02-29T22:24:11 IST" duration-ms="1215" status="PASS">
          <params>
            <param index="0">
              <value>
                <![CDATA["verify tenure scale are working in car loan calculator"]]>
              </value>
            </param>
            <param index="1">
              <value>
                <![CDATA["Loan Interest Smoke"]]>
              </value>
            </param>
          </params>
          <reporter-output>
          </reporter-output>
        </test-method> <!-- runScenario -->
        <test-method signature="runScenario(io.cucumber.testng.PickleWrapper,io.cucumber.testng.FeatureWrapper)[pri:0, instance:com.interestAroundYear.testRunner.testRunTestNG@7bd7d6d6]" started-at="2024-02-29T22:24:11 IST" name="runScenario" description="Runs Cucumber Scenarios" data-provider="scenarios" finished-at="2024-02-29T22:24:12 IST" duration-ms="1145" status="PASS">
          <params>
            <param index="0">
              <value>
                <![CDATA["verify relavent info is diplayed in car loan calculator"]]>
              </value>
            </param>
            <param index="1">
              <value>
                <![CDATA["Loan Interest Smoke"]]>
              </value>
            </param>
          </params>
          <reporter-output>
          </reporter-output>
        </test-method> <!-- runScenario -->
        <test-method signature="runScenario(io.cucumber.testng.PickleWrapper,io.cucumber.testng.FeatureWrapper)[pri:0, instance:com.interestAroundYear.testRunner.testRunTestNG@7bd7d6d6]" started-at="2024-02-29T22:24:12 IST" name="runScenario" description="Runs Cucumber Scenarios" data-provider="scenarios" finished-at="2024-02-29T22:24:13 IST" duration-ms="1097" status="PASS">
          <params>
            <param index="0">
              <value>
                <![CDATA["verify yearly emi table is diplayed in car loan calculator in emi calculator home page"]]>
              </value>
            </param>
            <param index="1">
              <value>
                <![CDATA["Loan Interest Smoke"]]>
              </value>
            </param>
          </params>
          <reporter-output>
          </reporter-output>
        </test-method> <!-- runScenario -->
        <test-method signature="runScenario(io.cucumber.testng.PickleWrapper,io.cucumber.testng.FeatureWrapper)[pri:0, instance:com.interestAroundYear.testRunner.testRunTestNG@7bd7d6d6]" started-at="2024-02-29T22:24:13 IST" name="runScenario" description="Runs Cucumber Scenarios" data-provider="scenarios" finished-at="2024-02-29T22:24:14 IST" duration-ms="928" status="PASS">
          <params>
            <param index="0">
              <value>
                <![CDATA["Verifying output for invalid input in car loan calculator"]]>
              </value>
            </param>
            <param index="1">
              <value>
                <![CDATA["Loan Interest Smoke"]]>
              </value>
            </param>
          </params>
          <reporter-output>
          </reporter-output>
        </test-method> <!-- runScenario -->
        <test-method signature="runScenario(io.cucumber.testng.PickleWrapper,io.cucumber.testng.FeatureWrapper)[pri:0, instance:com.interestAroundYear.testRunner.testRunTestNG@7bd7d6d6]" started-at="2024-02-29T22:24:14 IST" name="runScenario" description="Runs Cucumber Scenarios" data-provider="scenarios" finished-at="2024-02-29T22:24:14 IST" duration-ms="771" status="PASS">
          <params>
            <param index="0">
              <value>
                <![CDATA["verify drop down manue in emi calculator"]]>
              </value>
            </param>
            <param index="1">
              <value>
                <![CDATA["Loan Interest Smoke"]]>
              </value>
            </param>
          </params>
          <reporter-output>
          </reporter-output>
        </test-method> <!-- runScenario -->
        <test-method signature="runScenario(io.cucumber.testng.PickleWrapper,io.cucumber.testng.FeatureWrapper)[pri:0, instance:com.interestAroundYear.testRunner.testRunTestNG@7bd7d6d6]" started-at="2024-02-29T22:24:14 IST" name="runScenario" description="Runs Cucumber Scenarios" data-provider="scenarios" finished-at="2024-02-29T22:24:16 IST" duration-ms="1387" status="PASS">
          <params>
            <param index="0">
              <value>
                <![CDATA["Verify all box in Home loan calculator in loan calculatro from emi web application"]]>
              </value>
            </param>
            <param index="1">
              <value>
                <![CDATA["Loan Interest Smoke"]]>
              </value>
            </param>
          </params>
          <reporter-output>
          </reporter-output>
        </test-method> <!-- runScenario -->
        <test-method signature="runScenario(io.cucumber.testng.PickleWrapper,io.cucumber.testng.FeatureWrapper)[pri:0, instance:com.interestAroundYear.testRunner.testRunTestNG@7bd7d6d6]" started-at="2024-02-29T22:24:16 IST" name="runScenario" description="Runs Cucumber Scenarios" data-provider="scenarios" finished-at="2024-02-29T22:24:18 IST" duration-ms="1711" status="PASS">
          <params>
            <param index="0">
              <value>
                <![CDATA["verify emi loan calculator text box in loan calculator from emi web application"]]>
              </value>
            </param>
            <param index="1">
              <value>
                <![CDATA["Loan Interest Smoke"]]>
              </value>
            </param>
          </params>
          <reporter-output>
          </reporter-output>
        </test-method> <!-- runScenario -->
        <test-method signature="runScenario(io.cucumber.testng.PickleWrapper,io.cucumber.testng.FeatureWrapper)[pri:0, instance:com.interestAroundYear.testRunner.testRunTestNG@7bd7d6d6]" started-at="2024-02-29T22:24:18 IST" name="runScenario" description="Runs Cucumber Scenarios" data-provider="scenarios" finished-at="2024-02-29T22:24:21 IST" duration-ms="3019" status="PASS">
          <params>
            <param index="0">
              <value>
                <![CDATA["verify all loan calculator slider emi calculator in loan calculator in emi web application"]]>
              </value>
            </param>
            <param index="1">
              <value>
                <![CDATA["Loan Interest Smoke"]]>
              </value>
            </param>
          </params>
          <reporter-output>
          </reporter-output>
        </test-method> <!-- runScenario -->
        <test-method is-config="true" signature="tearDownClass()[pri:0, instance:com.interestAroundYear.testRunner.testRunTestNG@7bd7d6d6]" started-at="2024-02-29T22:24:21 IST" name="tearDownClass" finished-at="2024-02-29T22:24:24 IST" duration-ms="3025" status="PASS">
          <reporter-output>
          </reporter-output>
        </test-method> <!-- tearDownClass -->
      </class> <!-- com.interestAroundYear.testRunner.testRunTestNG -->
    </test> <!-- Default test -->
  </suite> <!-- Default suite -->
</testng-results>
