<?xml version="1.0" encoding="UTF-8"?>
<testng-results ignored="0" total="23" passed="23" failed="0" skipped="0">
  <reporter-output>
  </reporter-output>
  <suite started-at="2024-02-29T11:55:05 IST" name="Default suite" finished-at="2024-02-29T11:58:31 IST" duration-ms="206203">
    <groups>
      <group name="cucumber">
        <method signature="AbstractTestNGCucumberTests.runScenario(io.cucumber.testng.PickleWrapper,io.cucumber.testng.FeatureWrapper)[pri:0, instance:com.interestAroundYear.testRunner.testRunTestNG@7bd7d6d6]" name="runScenario" class="io.cucumber.testng.AbstractTestNGCucumberTests"/>
      </group> <!-- cucumber -->
    </groups>
    <test started-at="2024-02-29T11:55:05 IST" name="Default test" finished-at="2024-02-29T11:58:31 IST" duration-ms="206203">
      <class name="com.interestAroundYear.testRunner.testRunTestNG">
        <test-method is-config="true" signature="setUpClass(org.testng.ITestContext)[pri:0, instance:com.interestAroundYear.testRunner.testRunTestNG@7bd7d6d6]" started-at="2024-02-29T11:55:05 IST" name="setUpClass" finished-at="2024-02-29T11:55:55 IST" duration-ms="49553" status="PASS">
          <params>
            <param index="0">
              <value>
                <![CDATA[org.testng.TestRunner@50508ed3]]>
              </value>
            </param>
          </params>
          <reporter-output>
          </reporter-output>
        </test-method> <!-- setUpClass -->
        <test-method signature="runScenario(io.cucumber.testng.PickleWrapper,io.cucumber.testng.FeatureWrapper)[pri:0, instance:com.interestAroundYear.testRunner.testRunTestNG@7bd7d6d6]" started-at="2024-02-29T11:55:55 IST" name="runScenario" description="Runs Cucumber Scenarios" data-provider="scenarios" finished-at="2024-02-29T11:56:13 IST" duration-ms="17589" status="PASS">
          <params>
            <param index="0">
              <value>
                <![CDATA["Capturing Data from Car Loan"]]>
              </value>
            </param>
            <param index="1">
              <value>
                <![CDATA["Interest around the year"]]>
              </value>
            </param>
          </params>
          <reporter-output>
          </reporter-output>
        </test-method> <!-- runScenario -->
        <test-method signature="runScenario(io.cucumber.testng.PickleWrapper,io.cucumber.testng.FeatureWrapper)[pri:0, instance:com.interestAroundYear.testRunner.testRunTestNG@7bd7d6d6]" started-at="2024-02-29T11:56:13 IST" name="runScenario" description="Runs Cucumber Scenarios" data-provider="scenarios" finished-at="2024-02-29T11:56:42 IST" duration-ms="29348" status="PASS">
          <params>
            <param index="0">
              <value>
                <![CDATA["Giving input to Home Loan and capturing year to year table"]]>
              </value>
            </param>
            <param index="1">
              <value>
                <![CDATA["Interest around the year"]]>
              </value>
            </param>
          </params>
          <reporter-output>
          </reporter-output>
        </test-method> <!-- runScenario -->
        <test-method signature="runScenario(io.cucumber.testng.PickleWrapper,io.cucumber.testng.FeatureWrapper)[pri:0, instance:com.interestAroundYear.testRunner.testRunTestNG@7bd7d6d6]" started-at="2024-02-29T11:56:42 IST" name="runScenario" description="Runs Cucumber Scenarios" data-provider="scenarios" finished-at="2024-02-29T11:56:55 IST" duration-ms="12692" status="PASS">
          <params>
            <param index="0">
              <value>
                <![CDATA["UI check in Loan Emi Calculator"]]>
              </value>
            </param>
            <param index="1">
              <value>
                <![CDATA["Interest around the year"]]>
              </value>
            </param>
          </params>
          <reporter-output>
          </reporter-output>
        </test-method> <!-- runScenario -->
        <test-method signature="runScenario(io.cucumber.testng.PickleWrapper,io.cucumber.testng.FeatureWrapper)[pri:0, instance:com.interestAroundYear.testRunner.testRunTestNG@7bd7d6d6]" started-at="2024-02-29T11:56:55 IST" name="runScenario" description="Runs Cucumber Scenarios" data-provider="scenarios" finished-at="2024-02-29T11:57:10 IST" duration-ms="15836" status="PASS">
          <params>
            <param index="0">
              <value>
                <![CDATA["UI check in  Loan Amount Calculator"]]>
              </value>
            </param>
            <param index="1">
              <value>
                <![CDATA["Interest around the year"]]>
              </value>
            </param>
          </params>
          <reporter-output>
          </reporter-output>
        </test-method> <!-- runScenario -->
        <test-method signature="runScenario(io.cucumber.testng.PickleWrapper,io.cucumber.testng.FeatureWrapper)[pri:0, instance:com.interestAroundYear.testRunner.testRunTestNG@7bd7d6d6]" started-at="2024-02-29T11:57:10 IST" name="runScenario" description="Runs Cucumber Scenarios" data-provider="scenarios" finished-at="2024-02-29T11:57:21 IST" duration-ms="10838" status="PASS">
          <params>
            <param index="0">
              <value>
                <![CDATA["UI check in  Loan Tenure Calculator"]]>
              </value>
            </param>
            <param index="1">
              <value>
                <![CDATA["Interest around the year"]]>
              </value>
            </param>
          </params>
          <reporter-output>
          </reporter-output>
        </test-method> <!-- runScenario -->
        <test-method signature="runScenario(io.cucumber.testng.PickleWrapper,io.cucumber.testng.FeatureWrapper)[pri:0, instance:com.interestAroundYear.testRunner.testRunTestNG@7bd7d6d6]" started-at="2024-02-29T11:57:21 IST" name="runScenario" description="Runs Cucumber Scenarios" data-provider="scenarios" finished-at="2024-02-29T11:57:24 IST" duration-ms="2781" status="PASS">
          <params>
            <param index="0">
              <value>
                <![CDATA["verify navigation bar wroking in emi calculator home page"]]>
              </value>
            </param>
            <param index="1">
              <value>
                <![CDATA["Interest Amount Around Year Regression"]]>
              </value>
            </param>
          </params>
          <reporter-output>
          </reporter-output>
        </test-method> <!-- runScenario -->
        <test-method signature="runScenario(io.cucumber.testng.PickleWrapper,io.cucumber.testng.FeatureWrapper)[pri:0, instance:com.interestAroundYear.testRunner.testRunTestNG@7bd7d6d6]" started-at="2024-02-29T11:57:24 IST" name="runScenario" description="Runs Cucumber Scenarios" data-provider="scenarios" finished-at="2024-02-29T11:57:29 IST" duration-ms="4966" status="PASS">
          <params>
            <param index="0">
              <value>
                <![CDATA["verify the links are working in emi calculator home page"]]>
              </value>
            </param>
            <param index="1">
              <value>
                <![CDATA["Interest Amount Around Year Regression"]]>
              </value>
            </param>
          </params>
          <reporter-output>
          </reporter-output>
        </test-method> <!-- runScenario -->
        <test-method signature="runScenario(io.cucumber.testng.PickleWrapper,io.cucumber.testng.FeatureWrapper)[pri:0, instance:com.interestAroundYear.testRunner.testRunTestNG@7bd7d6d6]" started-at="2024-02-29T11:57:29 IST" name="runScenario" description="Runs Cucumber Scenarios" data-provider="scenarios" finished-at="2024-02-29T11:57:30 IST" duration-ms="1047" status="PASS">
          <params>
            <param index="0">
              <value>
                <![CDATA["verify share and print button available in car loan calculator"]]>
              </value>
            </param>
            <param index="1">
              <value>
                <![CDATA["Interest Amount Around Year Regression"]]>
              </value>
            </param>
          </params>
          <reporter-output>
          </reporter-output>
        </test-method> <!-- runScenario -->
        <test-method signature="runScenario(io.cucumber.testng.PickleWrapper,io.cucumber.testng.FeatureWrapper)[pri:0, instance:com.interestAroundYear.testRunner.testRunTestNG@7bd7d6d6]" started-at="2024-02-29T11:57:30 IST" name="runScenario" description="Runs Cucumber Scenarios" data-provider="scenarios" finished-at="2024-02-29T11:57:34 IST" duration-ms="4086" status="PASS">
          <params>
            <param index="0">
              <value>
                <![CDATA["verify all chart present in car loan calculator"]]>
              </value>
            </param>
            <param index="1">
              <value>
                <![CDATA["Interest Amount Around Year Regression"]]>
              </value>
            </param>
          </params>
          <reporter-output>
          </reporter-output>
        </test-method> <!-- runScenario -->
        <test-method signature="runScenario(io.cucumber.testng.PickleWrapper,io.cucumber.testng.FeatureWrapper)[pri:0, instance:com.interestAroundYear.testRunner.testRunTestNG@7bd7d6d6]" started-at="2024-02-29T11:57:34 IST" name="runScenario" description="Runs Cucumber Scenarios" data-provider="scenarios" finished-at="2024-02-29T11:57:41 IST" duration-ms="6841" status="PASS">
          <params>
            <param index="0">
              <value>
                <![CDATA["verify all scale in Home Loan Calculator"]]>
              </value>
            </param>
            <param index="1">
              <value>
                <![CDATA["Interest Amount Around Year Regression"]]>
              </value>
            </param>
          </params>
          <reporter-output>
          </reporter-output>
        </test-method> <!-- runScenario -->
        <test-method signature="runScenario(io.cucumber.testng.PickleWrapper,io.cucumber.testng.FeatureWrapper)[pri:0, instance:com.interestAroundYear.testRunner.testRunTestNG@7bd7d6d6]" started-at="2024-02-29T11:57:41 IST" name="runScenario" description="Runs Cucumber Scenarios" data-provider="scenarios" finished-at="2024-02-29T11:57:43 IST" duration-ms="1887" status="PASS">
          <params>
            <param index="0">
              <value>
                <![CDATA["verify emi scheme in car loan calculator"]]>
              </value>
            </param>
            <param index="1">
              <value>
                <![CDATA["Interest Amount Around Year Regression"]]>
              </value>
            </param>
          </params>
          <reporter-output>
          </reporter-output>
        </test-method> <!-- runScenario -->
        <test-method signature="runScenario(io.cucumber.testng.PickleWrapper,io.cucumber.testng.FeatureWrapper)[pri:0, instance:com.interestAroundYear.testRunner.testRunTestNG@7bd7d6d6]" started-at="2024-02-29T11:57:43 IST" name="runScenario" description="Runs Cucumber Scenarios" data-provider="scenarios" finished-at="2024-02-29T11:57:46 IST" duration-ms="3442" status="PASS">
          <params>
            <param index="0">
              <value>
                <![CDATA["verify Emiproduct tabe in emi calculator"]]>
              </value>
            </param>
            <param index="1">
              <value>
                <![CDATA["Loan Interest Smoke"]]>
              </value>
            </param>
          </params>
          <reporter-output>
          </reporter-output>
        </test-method> <!-- runScenario -->
        <test-method signature="runScenario(io.cucumber.testng.PickleWrapper,io.cucumber.testng.FeatureWrapper)[pri:0, instance:com.interestAroundYear.testRunner.testRunTestNG@7bd7d6d6]" started-at="2024-02-29T11:57:46 IST" name="runScenario" description="Runs Cucumber Scenarios" data-provider="scenarios" finished-at="2024-02-29T11:57:50 IST" duration-ms="3687" status="PASS">
          <params>
            <param index="0">
              <value>
                <![CDATA["verify all type of loan calculator in emi calculator"]]>
              </value>
            </param>
            <param index="1">
              <value>
                <![CDATA["Loan Interest Smoke"]]>
              </value>
            </param>
          </params>
          <reporter-output>
          </reporter-output>
        </test-method> <!-- runScenario -->
        <test-method signature="runScenario(io.cucumber.testng.PickleWrapper,io.cucumber.testng.FeatureWrapper)[pri:0, instance:com.interestAroundYear.testRunner.testRunTestNG@7bd7d6d6]" started-at="2024-02-29T11:57:50 IST" name="runScenario" description="Runs Cucumber Scenarios" data-provider="scenarios" finished-at="2024-02-29T11:57:53 IST" duration-ms="2949" status="PASS">
          <params>
            <param index="0">
              <value>
                <![CDATA["verify the text box car loan calculator in emi calculator"]]>
              </value>
            </param>
            <param index="1">
              <value>
                <![CDATA["Loan Interest Smoke"]]>
              </value>
            </param>
          </params>
          <reporter-output>
          </reporter-output>
        </test-method> <!-- runScenario -->
        <test-method signature="runScenario(io.cucumber.testng.PickleWrapper,io.cucumber.testng.FeatureWrapper)[pri:0, instance:com.interestAroundYear.testRunner.testRunTestNG@7bd7d6d6]" started-at="2024-02-29T11:57:53 IST" name="runScenario" description="Runs Cucumber Scenarios" data-provider="scenarios" finished-at="2024-02-29T11:57:58 IST" duration-ms="4622" status="PASS">
          <params>
            <param index="0">
              <value>
                <![CDATA["verify slider present in car loan calculator in emi calculator"]]>
              </value>
            </param>
            <param index="1">
              <value>
                <![CDATA["Loan Interest Smoke"]]>
              </value>
            </param>
          </params>
          <reporter-output>
          </reporter-output>
        </test-method> <!-- runScenario -->
        <test-method signature="runScenario(io.cucumber.testng.PickleWrapper,io.cucumber.testng.FeatureWrapper)[pri:0, instance:com.interestAroundYear.testRunner.testRunTestNG@7bd7d6d6]" started-at="2024-02-29T11:57:58 IST" name="runScenario" description="Runs Cucumber Scenarios" data-provider="scenarios" finished-at="2024-02-29T11:58:00 IST" duration-ms="2460" status="PASS">
          <params>
            <param index="0">
              <value>
                <![CDATA["verify tenure scale are working in car loan calculator"]]>
              </value>
            </param>
            <param index="1">
              <value>
                <![CDATA["Loan Interest Smoke"]]>
              </value>
            </param>
          </params>
          <reporter-output>
          </reporter-output>
        </test-method> <!-- runScenario -->
        <test-method signature="runScenario(io.cucumber.testng.PickleWrapper,io.cucumber.testng.FeatureWrapper)[pri:0, instance:com.interestAroundYear.testRunner.testRunTestNG@7bd7d6d6]" started-at="2024-02-29T11:58:00 IST" name="runScenario" description="Runs Cucumber Scenarios" data-provider="scenarios" finished-at="2024-02-29T11:58:04 IST" duration-ms="3566" status="PASS">
          <params>
            <param index="0">
              <value>
                <![CDATA["verify relavent info is diplayed in car loan calculator"]]>
              </value>
            </param>
            <param index="1">
              <value>
                <![CDATA["Loan Interest Smoke"]]>
              </value>
            </param>
          </params>
          <reporter-output>
          </reporter-output>
        </test-method> <!-- runScenario -->
        <test-method signature="runScenario(io.cucumber.testng.PickleWrapper,io.cucumber.testng.FeatureWrapper)[pri:0, instance:com.interestAroundYear.testRunner.testRunTestNG@7bd7d6d6]" started-at="2024-02-29T11:58:04 IST" name="runScenario" description="Runs Cucumber Scenarios" data-provider="scenarios" finished-at="2024-02-29T11:58:06 IST" duration-ms="1880" status="PASS">
          <params>
            <param index="0">
              <value>
                <![CDATA["verify yearly emi table is diplayed in car loan calculator"]]>
              </value>
            </param>
            <param index="1">
              <value>
                <![CDATA["Loan Interest Smoke"]]>
              </value>
            </param>
          </params>
          <reporter-output>
          </reporter-output>
        </test-method> <!-- runScenario -->
        <test-method signature="runScenario(io.cucumber.testng.PickleWrapper,io.cucumber.testng.FeatureWrapper)[pri:0, instance:com.interestAroundYear.testRunner.testRunTestNG@7bd7d6d6]" started-at="2024-02-29T11:58:06 IST" name="runScenario" description="Runs Cucumber Scenarios" data-provider="scenarios" finished-at="2024-02-29T11:58:07 IST" duration-ms="1730" status="PASS">
          <params>
            <param index="0">
              <value>
                <![CDATA["Verifying output for invalid input in car loan calculator"]]>
              </value>
            </param>
            <param index="1">
              <value>
                <![CDATA["Loan Interest Smoke"]]>
              </value>
            </param>
          </params>
          <reporter-output>
          </reporter-output>
        </test-method> <!-- runScenario -->
        <test-method signature="runScenario(io.cucumber.testng.PickleWrapper,io.cucumber.testng.FeatureWrapper)[pri:0, instance:com.interestAroundYear.testRunner.testRunTestNG@7bd7d6d6]" started-at="2024-02-29T11:58:07 IST" name="runScenario" description="Runs Cucumber Scenarios" data-provider="scenarios" finished-at="2024-02-29T11:58:08 IST" duration-ms="750" status="PASS">
          <params>
            <param index="0">
              <value>
                <![CDATA["verify drop down manue in emi calculator"]]>
              </value>
            </param>
            <param index="1">
              <value>
                <![CDATA["Loan Interest Smoke"]]>
              </value>
            </param>
          </params>
          <reporter-output>
          </reporter-output>
        </test-method> <!-- runScenario -->
        <test-method signature="runScenario(io.cucumber.testng.PickleWrapper,io.cucumber.testng.FeatureWrapper)[pri:0, instance:com.interestAroundYear.testRunner.testRunTestNG@7bd7d6d6]" started-at="2024-02-29T11:58:08 IST" name="runScenario" description="Runs Cucumber Scenarios" data-provider="scenarios" finished-at="2024-02-29T11:58:19 IST" duration-ms="11240" status="PASS">
          <params>
            <param index="0">
              <value>
                <![CDATA["Verify all box in Home loan calculator"]]>
              </value>
            </param>
            <param index="1">
              <value>
                <![CDATA["Loan Interest Smoke"]]>
              </value>
            </param>
          </params>
          <reporter-output>
          </reporter-output>
        </test-method> <!-- runScenario -->
        <test-method signature="runScenario(io.cucumber.testng.PickleWrapper,io.cucumber.testng.FeatureWrapper)[pri:0, instance:com.interestAroundYear.testRunner.testRunTestNG@7bd7d6d6]" started-at="2024-02-29T11:58:19 IST" name="runScenario" description="Runs Cucumber Scenarios" data-provider="scenarios" finished-at="2024-02-29T11:58:22 IST" duration-ms="2971" status="PASS">
          <params>
            <param index="0">
              <value>
                <![CDATA["verify loan calculator text box in car loan calculator"]]>
              </value>
            </param>
            <param index="1">
              <value>
                <![CDATA["Loan Interest Smoke"]]>
              </value>
            </param>
          </params>
          <reporter-output>
          </reporter-output>
        </test-method> <!-- runScenario -->
        <test-method signature="runScenario(io.cucumber.testng.PickleWrapper,io.cucumber.testng.FeatureWrapper)[pri:0, instance:com.interestAroundYear.testRunner.testRunTestNG@7bd7d6d6]" started-at="2024-02-29T11:58:22 IST" name="runScenario" description="Runs Cucumber Scenarios" data-provider="scenarios" finished-at="2024-02-29T11:58:26 IST" duration-ms="4246" status="PASS">
          <params>
            <param index="0">
              <value>
                <![CDATA["verify all loan calculator slider emi calculator"]]>
              </value>
            </param>
            <param index="1">
              <value>
                <![CDATA["Loan Interest Smoke"]]>
              </value>
            </param>
          </params>
          <reporter-output>
          </reporter-output>
        </test-method> <!-- runScenario -->
        <test-method is-config="true" signature="tearDownClass()[pri:0, instance:com.interestAroundYear.testRunner.testRunTestNG@7bd7d6d6]" started-at="2024-02-29T11:58:26 IST" name="tearDownClass" finished-at="2024-02-29T11:58:31 IST" duration-ms="5007" status="PASS">
          <reporter-output>
          </reporter-output>
        </test-method> <!-- tearDownClass -->
      </class> <!-- com.interestAroundYear.testRunner.testRunTestNG -->
    </test> <!-- Default test -->
  </suite> <!-- Default suite -->
</testng-results>
